<?xml version="1.0" encoding="UTF-8" ?>
<testsuite tests="60" failures="0" name="org.bukkit.LocationTest" time="0" errors="0" skipped="0">
  <properties>
    <property name="java.runtime.name" value="Java(TM) SE Runtime Environment"/>
    <property name="sun.boot.library.path" value="C:\Program Files\Java\jre1.8.0_301\bin"/>
    <property name="java.vm.version" value="25.301-b09"/>
    <property name="java.vm.vendor" value="Oracle Corporation"/>
    <property name="maven.multiModuleProjectDirectory" value="C:\Users\Rafael\Desktop\BuildNEW\Bukkit"/>
    <property name="java.vendor.url" value="http://java.oracle.com/"/>
    <property name="path.separator" value=";"/>
    <property name="guice.disable.misplaced.annotation.check" value="true"/>
    <property name="java.vm.name" value="Java HotSpot(TM) 64-Bit Server VM"/>
    <property name="file.encoding.pkg" value="sun.io"/>
    <property name="user.script" value=""/>
    <property name="user.country" value="BR"/>
    <property name="sun.java.launcher" value="SUN_STANDARD"/>
    <property name="sun.os.patch.level" value=""/>
    <property name="java.vm.specification.name" value="Java Virtual Machine Specification"/>
    <property name="user.dir" value="C:\Users\Rafael\Desktop\BuildNEW\Bukkit"/>
    <property name="java.runtime.version" value="1.8.0_301-b09"/>
    <property name="java.awt.graphicsenv" value="sun.awt.Win32GraphicsEnvironment"/>
    <property name="java.endorsed.dirs" value="C:\Program Files\Java\jre1.8.0_301\lib\endorsed"/>
    <property name="os.arch" value="amd64"/>
    <property name="java.io.tmpdir" value="C:\Users\Rafael\AppData\Local\Temp\"/>
    <property name="line.separator" value="
"/>
    <property name="java.vm.specification.vendor" value="Oracle Corporation"/>
    <property name="user.variant" value=""/>
    <property name="os.name" value="Windows 10"/>
    <property name="classworlds.conf" value="C:\Program Files (x86)\apache-maven-3.8.4\bin\m2.conf"/>
    <property name="sun.jnu.encoding" value="Cp1252"/>
    <property name="java.library.path" value="C:\Program Files\Java\jre1.8.0_301\bin;C:\Windows\Sun\Java\bin;C:\Windows\system32;C:\Windows;C:\Windows\system32;C:\Users\Rafael\bin;C:\Program Files\Git\mingw64\bin;C:\Program Files\Git\usr\local\bin;C:\Program Files\Git\usr\bin;C:\Program Files\Git\usr\bin;C:\Program Files\Git\mingw64\bin;C:\Program Files\Git\usr\bin;C:\Users\Rafael\bin;C:\Program Files (x86)\Common Files\Oracle\Java\javapath;C:\Windows\system32;C:\Windows;C:\Windows\System32\Wbem;C:\Windows\System32\WindowsPowerShell\v1.0;C:\Windows\System32\OpenSSH;C:\Program Files\Git\cmd;C:\Program Files (x86)\Bitvise SSH Client;C:\Users\Rafael\AppData\Local\Microsoft\WindowsApps;C:\Program Files (x86)\apache-maven-3.8.4\bin;C:\Program Files\Git\usr\bin\vendor_perl;C:\Program Files\Git\usr\bin\core_perl;."/>
    <property name="maven.conf" value="C:\Program Files (x86)\apache-maven-3.8.4/conf"/>
    <property name="java.specification.name" value="Java Platform API Specification"/>
    <property name="java.class.version" value="52.0"/>
    <property name="sun.management.compiler" value="HotSpot 64-Bit Tiered Compilers"/>
    <property name="os.version" value="10.0"/>
    <property name="library.jansi.path" value="C:\Program Files (x86)\apache-maven-3.8.4\lib\jansi-native"/>
    <property name="user.home" value="C:\Users\Rafael"/>
    <property name="user.timezone" value="GMT-03:00"/>
    <property name="java.awt.printerjob" value="sun.awt.windows.WPrinterJob"/>
    <property name="java.specification.version" value="1.8"/>
    <property name="file.encoding" value="Cp1252"/>
    <property name="user.name" value="Rafael"/>
    <property name="java.class.path" value="C:\Program Files (x86)\apache-maven-3.8.4\boot\plexus-classworlds-2.6.0.jar"/>
    <property name="jdk.net.URLClassPath.disableClassPathURLCheck" value="true"/>
    <property name="java.vm.specification.version" value="1.8"/>
    <property name="sun.arch.data.model" value="64"/>
    <property name="java.home" value="C:\Program Files\Java\jre1.8.0_301"/>
    <property name="sun.java.command" value="org.codehaus.plexus.classworlds.launcher.Launcher -Dbt.name=582a clean install"/>
    <property name="java.specification.vendor" value="Oracle Corporation"/>
    <property name="user.language" value="pt"/>
    <property name="awt.toolkit" value="sun.awt.windows.WToolkit"/>
    <property name="java.vm.info" value="mixed mode"/>
    <property name="java.version" value="1.8.0_301"/>
    <property name="java.ext.dirs" value="C:\Program Files\Java\jre1.8.0_301\lib\ext;C:\Windows\Sun\Java\lib\ext"/>
    <property name="sun.boot.class.path" value="C:\Program Files\Java\jre1.8.0_301\lib\resources.jar;C:\Program Files\Java\jre1.8.0_301\lib\rt.jar;C:\Program Files\Java\jre1.8.0_301\lib\sunrsasign.jar;C:\Program Files\Java\jre1.8.0_301\lib\jsse.jar;C:\Program Files\Java\jre1.8.0_301\lib\jce.jar;C:\Program Files\Java\jre1.8.0_301\lib\charsets.jar;C:\Program Files\Java\jre1.8.0_301\lib\jfr.jar;C:\Program Files\Java\jre1.8.0_301\classes"/>
    <property name="java.vendor" value="Oracle Corporation"/>
    <property name="bt.name" value="582a"/>
    <property name="maven.home" value="C:\Program Files (x86)\apache-maven-3.8.4"/>
    <property name="file.separator" value="\"/>
    <property name="java.vendor.url.bug" value="http://bugreport.sun.com/bugreport/"/>
    <property name="sun.cpu.endian" value="little"/>
    <property name="sun.io.unicode.encoding" value="UnicodeLittle"/>
    <property name="sun.desktop" value="windows"/>
    <property name="sun.cpu.isalist" value="amd64"/>
  </properties>
  <testcase classname="org.bukkit.LocationTest" name="testExpectedXYZ[0: X]" time="0"/>
  <testcase classname="org.bukkit.LocationTest" name="testExpectedPitchYaw[0: X]" time="0"/>
  <testcase classname="org.bukkit.LocationTest" name="testExpectedXYZ[1: -X]" time="0"/>
  <testcase classname="org.bukkit.LocationTest" name="testExpectedPitchYaw[1: -X]" time="0"/>
  <testcase classname="org.bukkit.LocationTest" name="testExpectedXYZ[2: Z]" time="0"/>
  <testcase classname="org.bukkit.LocationTest" name="testExpectedPitchYaw[2: Z]" time="0"/>
  <testcase classname="org.bukkit.LocationTest" name="testExpectedXYZ[3: -Z]" time="0"/>
  <testcase classname="org.bukkit.LocationTest" name="testExpectedPitchYaw[3: -Z]" time="0"/>
  <testcase classname="org.bukkit.LocationTest" name="testExpectedXYZ[4: Y]" time="0"/>
  <testcase classname="org.bukkit.LocationTest" name="testExpectedPitchYaw[4: Y]" time="0"/>
  <testcase classname="org.bukkit.LocationTest" name="testExpectedXYZ[5: -Y]" time="0"/>
  <testcase classname="org.bukkit.LocationTest" name="testExpectedPitchYaw[5: -Y]" time="0"/>
  <testcase classname="org.bukkit.LocationTest" name="testExpectedXYZ[6: X Z]" time="0"/>
  <testcase classname="org.bukkit.LocationTest" name="testExpectedPitchYaw[6: X Z]" time="0"/>
  <testcase classname="org.bukkit.LocationTest" name="testExpectedXYZ[7: X -Z]" time="0"/>
  <testcase classname="org.bukkit.LocationTest" name="testExpectedPitchYaw[7: X -Z]" time="0"/>
  <testcase classname="org.bukkit.LocationTest" name="testExpectedXYZ[8: -X -Z]" time="0"/>
  <testcase classname="org.bukkit.LocationTest" name="testExpectedPitchYaw[8: -X -Z]" time="0"/>
  <testcase classname="org.bukkit.LocationTest" name="testExpectedXYZ[9: -X Z]" time="0"/>
  <testcase classname="org.bukkit.LocationTest" name="testExpectedPitchYaw[9: -X Z]" time="0"/>
  <testcase classname="org.bukkit.LocationTest" name="testExpectedXYZ[10: X Y Z]" time="0"/>
  <testcase classname="org.bukkit.LocationTest" name="testExpectedPitchYaw[10: X Y Z]" time="0"/>
  <testcase classname="org.bukkit.LocationTest" name="testExpectedXYZ[11: -X -Y -Z]" time="0"/>
  <testcase classname="org.bukkit.LocationTest" name="testExpectedPitchYaw[11: -X -Y -Z]" time="0"/>
  <testcase classname="org.bukkit.LocationTest" name="testExpectedXYZ[12: R0]" time="0"/>
  <testcase classname="org.bukkit.LocationTest" name="testExpectedPitchYaw[12: R0]" time="0"/>
  <testcase classname="org.bukkit.LocationTest" name="testExpectedXYZ[13: R1]" time="0"/>
  <testcase classname="org.bukkit.LocationTest" name="testExpectedPitchYaw[13: R1]" time="0"/>
  <testcase classname="org.bukkit.LocationTest" name="testExpectedXYZ[14: R2]" time="0"/>
  <testcase classname="org.bukkit.LocationTest" name="testExpectedPitchYaw[14: R2]" time="0"/>
  <testcase classname="org.bukkit.LocationTest" name="testExpectedXYZ[15: R3]" time="0"/>
  <testcase classname="org.bukkit.LocationTest" name="testExpectedPitchYaw[15: R3]" time="0"/>
  <testcase classname="org.bukkit.LocationTest" name="testExpectedXYZ[16: R4]" time="0"/>
  <testcase classname="org.bukkit.LocationTest" name="testExpectedPitchYaw[16: R4]" time="0"/>
  <testcase classname="org.bukkit.LocationTest" name="testExpectedXYZ[17: R5]" time="0"/>
  <testcase classname="org.bukkit.LocationTest" name="testExpectedPitchYaw[17: R5]" time="0"/>
  <testcase classname="org.bukkit.LocationTest" name="testExpectedXYZ[18: R6]" time="0"/>
  <testcase classname="org.bukkit.LocationTest" name="testExpectedPitchYaw[18: R6]" time="0"/>
  <testcase classname="org.bukkit.LocationTest" name="testExpectedXYZ[19: R7]" time="0"/>
  <testcase classname="org.bukkit.LocationTest" name="testExpectedPitchYaw[19: R7]" time="0"/>
  <testcase classname="org.bukkit.LocationTest" name="testExpectedXYZ[20: R8]" time="0"/>
  <testcase classname="org.bukkit.LocationTest" name="testExpectedPitchYaw[20: R8]" time="0"/>
  <testcase classname="org.bukkit.LocationTest" name="testExpectedXYZ[21: R9]" time="0"/>
  <testcase classname="org.bukkit.LocationTest" name="testExpectedPitchYaw[21: R9]" time="0"/>
  <testcase classname="org.bukkit.LocationTest" name="testExpectedXYZ[22: R10]" time="0"/>
  <testcase classname="org.bukkit.LocationTest" name="testExpectedPitchYaw[22: R10]" time="0"/>
  <testcase classname="org.bukkit.LocationTest" name="testExpectedXYZ[23: R11]" time="0"/>
  <testcase classname="org.bukkit.LocationTest" name="testExpectedPitchYaw[23: R11]" time="0"/>
  <testcase classname="org.bukkit.LocationTest" name="testExpectedXYZ[24: R12]" time="0"/>
  <testcase classname="org.bukkit.LocationTest" name="testExpectedPitchYaw[24: R12]" time="0"/>
  <testcase classname="org.bukkit.LocationTest" name="testExpectedXYZ[25: R13]" time="0"/>
  <testcase classname="org.bukkit.LocationTest" name="testExpectedPitchYaw[25: R13]" time="0"/>
  <testcase classname="org.bukkit.LocationTest" name="testExpectedXYZ[26: R14]" time="0"/>
  <testcase classname="org.bukkit.LocationTest" name="testExpectedPitchYaw[26: R14]" time="0"/>
  <testcase classname="org.bukkit.LocationTest" name="testExpectedXYZ[27: R15]" time="0"/>
  <testcase classname="org.bukkit.LocationTest" name="testExpectedPitchYaw[27: R15]" time="0"/>
  <testcase classname="org.bukkit.LocationTest" name="testExpectedXYZ[28: R16]" time="0"/>
  <testcase classname="org.bukkit.LocationTest" name="testExpectedPitchYaw[28: R16]" time="0"/>
  <testcase classname="org.bukkit.LocationTest" name="testExpectedXYZ[29: R17]" time="0"/>
  <testcase classname="org.bukkit.LocationTest" name="testExpectedPitchYaw[29: R17]" time="0"/>
</testsuite>