<?xml version="1.0" encoding="UTF-8" ?>
<testsuite tests="52" failures="0" name="org.bukkit.ColorTest" time="0.071" errors="0" skipped="0">
  <properties>
    <property name="java.runtime.name" value="Java(TM) SE Runtime Environment"/>
    <property name="sun.boot.library.path" value="C:\Program Files\Java\jre1.8.0_301\bin"/>
    <property name="java.vm.version" value="25.301-b09"/>
    <property name="java.vm.vendor" value="Oracle Corporation"/>
    <property name="maven.multiModuleProjectDirectory" value="C:\Users\Rafael\Desktop\BuildNEW\Bukkit"/>
    <property name="java.vendor.url" value="http://java.oracle.com/"/>
    <property name="path.separator" value=";"/>
    <property name="guice.disable.misplaced.annotation.check" value="true"/>
    <property name="java.vm.name" value="Java HotSpot(TM) 64-Bit Server VM"/>
    <property name="file.encoding.pkg" value="sun.io"/>
    <property name="user.script" value=""/>
    <property name="user.country" value="BR"/>
    <property name="sun.java.launcher" value="SUN_STANDARD"/>
    <property name="sun.os.patch.level" value=""/>
    <property name="java.vm.specification.name" value="Java Virtual Machine Specification"/>
    <property name="user.dir" value="C:\Users\Rafael\Desktop\BuildNEW\Bukkit"/>
    <property name="java.runtime.version" value="1.8.0_301-b09"/>
    <property name="java.awt.graphicsenv" value="sun.awt.Win32GraphicsEnvironment"/>
    <property name="java.endorsed.dirs" value="C:\Program Files\Java\jre1.8.0_301\lib\endorsed"/>
    <property name="os.arch" value="amd64"/>
    <property name="java.io.tmpdir" value="C:\Users\Rafael\AppData\Local\Temp\"/>
    <property name="line.separator" value="
"/>
    <property name="java.vm.specification.vendor" value="Oracle Corporation"/>
    <property name="user.variant" value=""/>
    <property name="os.name" value="Windows 10"/>
    <property name="classworlds.conf" value="C:\Program Files (x86)\apache-maven-3.8.4\bin\m2.conf"/>
    <property name="sun.jnu.encoding" value="Cp1252"/>
    <property name="java.library.path" value="C:\Program Files\Java\jre1.8.0_301\bin;C:\Windows\Sun\Java\bin;C:\Windows\system32;C:\Windows;C:\Windows\system32;C:\Users\Rafael\bin;C:\Program Files\Git\mingw64\bin;C:\Program Files\Git\usr\local\bin;C:\Program Files\Git\usr\bin;C:\Program Files\Git\usr\bin;C:\Program Files\Git\mingw64\bin;C:\Program Files\Git\usr\bin;C:\Users\Rafael\bin;C:\Program Files (x86)\Common Files\Oracle\Java\javapath;C:\Windows\system32;C:\Windows;C:\Windows\System32\Wbem;C:\Windows\System32\WindowsPowerShell\v1.0;C:\Windows\System32\OpenSSH;C:\Program Files\Git\cmd;C:\Program Files (x86)\Bitvise SSH Client;C:\Users\Rafael\AppData\Local\Microsoft\WindowsApps;C:\Program Files (x86)\apache-maven-3.8.4\bin;C:\Program Files\Git\usr\bin\vendor_perl;C:\Program Files\Git\usr\bin\core_perl;."/>
    <property name="maven.conf" value="C:\Program Files (x86)\apache-maven-3.8.4/conf"/>
    <property name="java.specification.name" value="Java Platform API Specification"/>
    <property name="java.class.version" value="52.0"/>
    <property name="sun.management.compiler" value="HotSpot 64-Bit Tiered Compilers"/>
    <property name="os.version" value="10.0"/>
    <property name="library.jansi.path" value="C:\Program Files (x86)\apache-maven-3.8.4\lib\jansi-native"/>
    <property name="user.home" value="C:\Users\Rafael"/>
    <property name="user.timezone" value="GMT-03:00"/>
    <property name="java.awt.printerjob" value="sun.awt.windows.WPrinterJob"/>
    <property name="java.specification.version" value="1.8"/>
    <property name="file.encoding" value="Cp1252"/>
    <property name="user.name" value="Rafael"/>
    <property name="java.class.path" value="C:\Program Files (x86)\apache-maven-3.8.4\boot\plexus-classworlds-2.6.0.jar"/>
    <property name="jdk.net.URLClassPath.disableClassPathURLCheck" value="true"/>
    <property name="java.vm.specification.version" value="1.8"/>
    <property name="sun.arch.data.model" value="64"/>
    <property name="java.home" value="C:\Program Files\Java\jre1.8.0_301"/>
    <property name="sun.java.command" value="org.codehaus.plexus.classworlds.launcher.Launcher -Dbt.name=582a clean install"/>
    <property name="java.specification.vendor" value="Oracle Corporation"/>
    <property name="user.language" value="pt"/>
    <property name="awt.toolkit" value="sun.awt.windows.WToolkit"/>
    <property name="java.vm.info" value="mixed mode"/>
    <property name="java.version" value="1.8.0_301"/>
    <property name="java.ext.dirs" value="C:\Program Files\Java\jre1.8.0_301\lib\ext;C:\Windows\Sun\Java\lib\ext"/>
    <property name="sun.boot.class.path" value="C:\Program Files\Java\jre1.8.0_301\lib\resources.jar;C:\Program Files\Java\jre1.8.0_301\lib\rt.jar;C:\Program Files\Java\jre1.8.0_301\lib\sunrsasign.jar;C:\Program Files\Java\jre1.8.0_301\lib\jsse.jar;C:\Program Files\Java\jre1.8.0_301\lib\jce.jar;C:\Program Files\Java\jre1.8.0_301\lib\charsets.jar;C:\Program Files\Java\jre1.8.0_301\lib\jfr.jar;C:\Program Files\Java\jre1.8.0_301\classes"/>
    <property name="java.vendor" value="Oracle Corporation"/>
    <property name="bt.name" value="582a"/>
    <property name="maven.home" value="C:\Program Files (x86)\apache-maven-3.8.4"/>
    <property name="file.separator" value="\"/>
    <property name="java.vendor.url.bug" value="http://bugreport.sun.com/bugreport/"/>
    <property name="sun.cpu.endian" value="little"/>
    <property name="sun.io.unicode.encoding" value="UnicodeLittle"/>
    <property name="sun.desktop" value="windows"/>
    <property name="sun.cpu.isalist" value="amd64"/>
  </properties>
  <testcase classname="org.bukkit.ColorTest" name="testInvalidBGR1" time="0"/>
  <testcase classname="org.bukkit.ColorTest" name="testInvalidBGR2" time="0"/>
  <testcase classname="org.bukkit.ColorTest" name="testInvalidBGR3" time="0"/>
  <testcase classname="org.bukkit.ColorTest" name="testInvalidBGR4" time="0"/>
  <testcase classname="org.bukkit.ColorTest" name="testInvalidRGB1" time="0"/>
  <testcase classname="org.bukkit.ColorTest" name="testInvalidRGB2" time="0"/>
  <testcase classname="org.bukkit.ColorTest" name="testInvalidRGB3" time="0"/>
  <testcase classname="org.bukkit.ColorTest" name="testInvalidRGB4" time="0"/>
  <testcase classname="org.bukkit.ColorTest" name="testSerialization" time="0.068"/>
  <testcase classname="org.bukkit.ColorTest" name="testBGR" time="0"/>
  <testcase classname="org.bukkit.ColorTest" name="testRGB" time="0"/>
  <testcase classname="org.bukkit.ColorTest" name="testRed" time="0"/>
  <testcase classname="org.bukkit.ColorTest" name="testGreen" time="0"/>
  <testcase classname="org.bukkit.ColorTest" name="testBlue" time="0"/>
  <testcase classname="org.bukkit.ColorTest" name="testEqualities" time="0"/>
  <testcase classname="org.bukkit.ColorTest" name="testInvalidB01" time="0"/>
  <testcase classname="org.bukkit.ColorTest" name="testInvalidB02" time="0"/>
  <testcase classname="org.bukkit.ColorTest" name="testInvalidB03" time="0"/>
  <testcase classname="org.bukkit.ColorTest" name="testInvalidB04" time="0"/>
  <testcase classname="org.bukkit.ColorTest" name="testInvalidB05" time="0"/>
  <testcase classname="org.bukkit.ColorTest" name="testInvalidB06" time="0"/>
  <testcase classname="org.bukkit.ColorTest" name="testInvalidB07" time="0"/>
  <testcase classname="org.bukkit.ColorTest" name="testInvalidB08" time="0"/>
  <testcase classname="org.bukkit.ColorTest" name="testInvalidB09" time="0"/>
  <testcase classname="org.bukkit.ColorTest" name="testInvalidB10" time="0"/>
  <testcase classname="org.bukkit.ColorTest" name="testInvalidB11" time="0"/>
  <testcase classname="org.bukkit.ColorTest" name="testInvalidB12" time="0"/>
  <testcase classname="org.bukkit.ColorTest" name="testInvalidG01" time="0"/>
  <testcase classname="org.bukkit.ColorTest" name="testInvalidG02" time="0"/>
  <testcase classname="org.bukkit.ColorTest" name="testInvalidG03" time="0"/>
  <testcase classname="org.bukkit.ColorTest" name="testInvalidG04" time="0.001"/>
  <testcase classname="org.bukkit.ColorTest" name="testInvalidG05" time="0"/>
  <testcase classname="org.bukkit.ColorTest" name="testInvalidG06" time="0"/>
  <testcase classname="org.bukkit.ColorTest" name="testInvalidG07" time="0"/>
  <testcase classname="org.bukkit.ColorTest" name="testInvalidG08" time="0"/>
  <testcase classname="org.bukkit.ColorTest" name="testInvalidG09" time="0"/>
  <testcase classname="org.bukkit.ColorTest" name="testInvalidG10" time="0"/>
  <testcase classname="org.bukkit.ColorTest" name="testInvalidG11" time="0"/>
  <testcase classname="org.bukkit.ColorTest" name="testInvalidG12" time="0"/>
  <testcase classname="org.bukkit.ColorTest" name="testInvalidR01" time="0"/>
  <testcase classname="org.bukkit.ColorTest" name="testInvalidR02" time="0"/>
  <testcase classname="org.bukkit.ColorTest" name="testInvalidR03" time="0"/>
  <testcase classname="org.bukkit.ColorTest" name="testInvalidR04" time="0"/>
  <testcase classname="org.bukkit.ColorTest" name="testInvalidR05" time="0"/>
  <testcase classname="org.bukkit.ColorTest" name="testInvalidR06" time="0.001"/>
  <testcase classname="org.bukkit.ColorTest" name="testInvalidR07" time="0"/>
  <testcase classname="org.bukkit.ColorTest" name="testInvalidR08" time="0"/>
  <testcase classname="org.bukkit.ColorTest" name="testInvalidR09" time="0"/>
  <testcase classname="org.bukkit.ColorTest" name="testInvalidR10" time="0"/>
  <testcase classname="org.bukkit.ColorTest" name="testInvalidR11" time="0"/>
  <testcase classname="org.bukkit.ColorTest" name="testInvalidR12" time="0"/>
  <testcase classname="org.bukkit.ColorTest" name="testInequalities" time="0.001"/>
</testsuite>